#! /usr/local/bin/vvp
:ivl_version "12.0 (stable)" "(v12_0)";
:ivl_delay_selection "TYPICAL";
:vpi_time_precision + 0;
:vpi_module "/usr/local/lib/ivl/system.vpi";
:vpi_module "/usr/local/lib/ivl/vhdl_sys.vpi";
:vpi_module "/usr/local/lib/ivl/vhdl_textio.vpi";
:vpi_module "/usr/local/lib/ivl/v2005_math.vpi";
:vpi_module "/usr/local/lib/ivl/va_math.vpi";
S_0x56283a9d5da0 .scope module, "top" "top" 2 1;
 .timescale 0 0;
v0x56283a9d5f30_0 .var "a", 4 0;
v0x56283aa205f0_0 .var "b", 3 0;
v0x56283aa206d0 .array "c", 0 1, 0 7;
v0x56283aa20770_0 .var "t1", 0 0;
v0x56283aa20830_0 .var "t2", 0 0;
v0x56283aa20940_0 .var "t3", 0 0;
v0x56283aa20a00_0 .var "t4", 0 0;
    .scope S_0x56283a9d5da0;
T_0 ;
    %pushi/vec4 0, 0, 1;
    %store/vec4 v0x56283aa20770_0, 0, 1;
    %pushi/vec4 1, 0, 1;
    %store/vec4 v0x56283aa20830_0, 0, 1;
    %pushi/vec4 1, 1, 1;
    %store/vec4 v0x56283aa20940_0, 0, 1;
    %pushi/vec4 0, 1, 1;
    %store/vec4 v0x56283aa20a00_0, 0, 1;
    %vpi_call 2 12 "$display", "t1 = %b\012t2 = %b\012t3 = %b\012t4 = %b\012", v0x56283aa20770_0, v0x56283aa20830_0, v0x56283aa20940_0, v0x56283aa20a00_0 {0 0 0};
    %end;
    .thread T_0;
    .scope S_0x56283a9d5da0;
T_1 ;
    %vpi_call 2 20 "$display", "a = %b, b = %b, c[0] = %b, c[0] = %b", v0x56283a9d5f30_0, v0x56283aa205f0_0, &A<v0x56283aa206d0, 0>, &A<v0x56283aa206d0, 1> {0 0 0};
    %pushi/vec4 21, 0, 5;
    %store/vec4 v0x56283a9d5f30_0, 0, 5;
    %pushi/vec4 0, 0, 4;
    %store/vec4 v0x56283aa205f0_0, 0, 4;
    %pushi/vec4 245, 197, 8;
    %ix/load 4, 0, 0;
    %flag_set/imm 4, 0;
    %store/vec4a v0x56283aa206d0, 4, 0;
    %pushi/vec4 240, 0, 8;
    %ix/load 4, 1, 0;
    %flag_set/imm 4, 0;
    %store/vec4a v0x56283aa206d0, 4, 0;
    %vpi_call 2 25 "$display", "a = %b, b = %b, c[0] = %b, c[0] = %b", v0x56283a9d5f30_0, v0x56283aa205f0_0, &A<v0x56283aa206d0, 0>, &A<v0x56283aa206d0, 1> {0 0 0};
    %end;
    .thread T_1;
# The file index is used to find the file name in the following table.
:file_names 3;
    "N/A";
    "<interactive>";
    "/home/ckirk/repos/verilog-fundamentals/demo3/top.v";
