#! /usr/local/bin/vvp
:ivl_version "12.0 (stable)" "(v12_0)";
:ivl_delay_selection "TYPICAL";
:vpi_time_precision + 0;
:vpi_module "/usr/local/lib/ivl/system.vpi";
:vpi_module "/usr/local/lib/ivl/vhdl_sys.vpi";
:vpi_module "/usr/local/lib/ivl/vhdl_textio.vpi";
:vpi_module "/usr/local/lib/ivl/v2005_math.vpi";
:vpi_module "/usr/local/lib/ivl/va_math.vpi";
S_0x55e6106c3da0 .scope module, "top" "top" 2 5;
 .timescale 0 0;
v0x55e6106c3f30_0 .var "big", 0 3;
v0x55e61070b740_0 .var/i "i", 31 0;
v0x55e61070b820_0 .var "little", 3 0;
E_0x55e6106fc090 .event anyedge, v0x55e61070b820_0, v0x55e6106c3f30_0;
    .scope S_0x55e6106c3da0;
T_0 ;
    %pushi/vec4 10, 3, 4;
    %store/vec4 v0x55e61070b820_0, 0, 4;
    %pushi/vec4 10, 3, 4;
    %store/vec4 v0x55e6106c3f30_0, 0, 4;
    %end;
    .thread T_0;
    .scope S_0x55e6106c3da0;
T_1 ;
    %wait E_0x55e6106fc090;
    %pushi/vec4 0, 0, 32;
    %store/vec4 v0x55e61070b740_0, 0, 32;
T_1.0 ;
    %load/vec4 v0x55e61070b740_0;
    %cmpi/s 8, 0, 32;
    %jmp/0xz T_1.1, 5;
    %load/vec4 v0x55e6106c3f30_0;
    %pushi/vec4 3, 0, 34;
    %load/vec4 v0x55e61070b740_0;
    %pad/s 34;
    %sub;
    %part/s 1;
    %vpi_call 2 19 "$display", "little %b\011big %b", &PV<v0x55e61070b820_0, v0x55e61070b740_0, 1>, S<0,vec4,u1> {1 0 0};
    %load/vec4 v0x55e61070b740_0;
    %addi 1, 0, 32;
    %store/vec4 v0x55e61070b740_0, 0, 32;
    %jmp T_1.0;
T_1.1 ;
    %jmp T_1;
    .thread T_1, $push;
# The file index is used to find the file name in the following table.
:file_names 3;
    "N/A";
    "<interactive>";
    "/home/ckirk/repos/verilog-fundamentals/endian/top.v";
