#! /usr/local/bin/vvp
:ivl_version "12.0 (stable)" "(v12_0)";
:ivl_delay_selection "TYPICAL";
:vpi_time_precision + 0;
:vpi_module "/usr/local/lib/ivl/system.vpi";
:vpi_module "/usr/local/lib/ivl/vhdl_sys.vpi";
:vpi_module "/usr/local/lib/ivl/vhdl_textio.vpi";
:vpi_module "/usr/local/lib/ivl/v2005_math.vpi";
:vpi_module "/usr/local/lib/ivl/va_math.vpi";
S_0x560cd6ee3da0 .scope module, "top" "top" 2 5;
 .timescale 0 0;
v0x560cd6f382e0_0 .var "a", 4 0;
v0x560cd6f383c0_0 .var "b", 3 0;
v0x560cd6f384a0 .array "c", 0 1, 0 7;
v0x560cd6f38540_0 .var "clk", 0 0;
v0x560cd6f385e0_0 .var "reset", 0 0;
v0x560cd6f386d0_0 .var "t1", 0 0;
v0x560cd6f38770_0 .var "t2", 0 0;
v0x560cd6f38810_0 .var "t3", 0 0;
v0x560cd6f388d0_0 .var "t4", 0 0;
S_0x560cd6ee3f30 .scope module, "U1" "example_module" 2 43, 2 50 0, S_0x560cd6ee3da0;
 .timescale 0 0;
    .port_info 0 /INPUT 1 "clk";
    .port_info 1 /INPUT 1 "reset";
v0x560cd6f20930_0 .net "clk", 0 0, v0x560cd6f38540_0;  1 drivers
v0x560cd6f37d90_0 .var "count", 7 0;
v0x560cd6f37e70_0 .var "count2", 0 7;
v0x560cd6f37f30_0 .net "data", 0 0, L_0x560cd6f38990;  1 drivers
v0x560cd6f37ff0_0 .net "data2", 0 0, L_0x560cd6f38a60;  1 drivers
v0x560cd6f38100_0 .var "enable", 0 0;
v0x560cd6f381c0_0 .net "reset", 0 0, v0x560cd6f385e0_0;  1 drivers
E_0x560cd6f21ee0 .event posedge, v0x560cd6f381c0_0, v0x560cd6f20930_0;
L_0x560cd6f38990 .part v0x560cd6f37d90_0, 0, 1;
L_0x560cd6f38a60 .part v0x560cd6f37e70_0, 0, 1;
    .scope S_0x560cd6ee3f30;
T_0 ;
    %pushi/vec4 0, 0, 8;
    %store/vec4 v0x560cd6f37d90_0, 0, 8;
    %pushi/vec4 0, 0, 8;
    %store/vec4 v0x560cd6f37e70_0, 0, 8;
    %pushi/vec4 1, 0, 1;
    %store/vec4 v0x560cd6f38100_0, 0, 1;
    %end;
    .thread T_0;
    .scope S_0x560cd6ee3f30;
T_1 ;
    %wait E_0x560cd6f21ee0;
    %load/vec4 v0x560cd6f381c0_0;
    %flag_set/vec4 8;
    %jmp/0xz  T_1.0, 8;
    %pushi/vec4 0, 0, 8;
    %assign/vec4 v0x560cd6f37d90_0, 0;
    %pushi/vec4 0, 0, 1;
    %assign/vec4 v0x560cd6f38100_0, 0;
    %jmp T_1.1;
T_1.0 ;
    %load/vec4 v0x560cd6f38100_0;
    %flag_set/vec4 8;
    %jmp/0xz  T_1.2, 8;
    %load/vec4 v0x560cd6f37d90_0;
    %addi 1, 0, 8;
    %assign/vec4 v0x560cd6f37d90_0, 0;
    %load/vec4 v0x560cd6f37e70_0;
    %addi 1, 0, 8;
    %assign/vec4 v0x560cd6f37e70_0, 0;
T_1.2 ;
T_1.1 ;
    %vpi_call 2 66 "$display", "data = %b data2 = %b count = %b count2 = %b", v0x560cd6f37f30_0, v0x560cd6f37ff0_0, v0x560cd6f37d90_0, v0x560cd6f37e70_0 {0 0 0};
    %jmp T_1;
    .thread T_1;
    .scope S_0x560cd6ee3da0;
T_2 ;
    %pushi/vec4 0, 0, 1;
    %store/vec4 v0x560cd6f386d0_0, 0, 1;
    %pushi/vec4 1, 0, 1;
    %store/vec4 v0x560cd6f38770_0, 0, 1;
    %pushi/vec4 1, 1, 1;
    %store/vec4 v0x560cd6f38810_0, 0, 1;
    %pushi/vec4 0, 1, 1;
    %store/vec4 v0x560cd6f388d0_0, 0, 1;
    %vpi_call 2 15 "$display", "t1 = %b\012t2 = %b\012t3 = %b\012t4 = %b\012", v0x560cd6f386d0_0, v0x560cd6f38770_0, v0x560cd6f38810_0, v0x560cd6f388d0_0 {0 0 0};
    %end;
    .thread T_2;
    .scope S_0x560cd6ee3da0;
T_3 ;
    %vpi_call 2 23 "$display", "a = %b, b = %b, c[0] = %b, c[0] = %b", v0x560cd6f382e0_0, v0x560cd6f383c0_0, &A<v0x560cd6f384a0, 0>, &A<v0x560cd6f384a0, 1> {0 0 0};
    %pushi/vec4 21, 0, 5;
    %store/vec4 v0x560cd6f382e0_0, 0, 5;
    %pushi/vec4 0, 0, 4;
    %store/vec4 v0x560cd6f383c0_0, 0, 4;
    %pushi/vec4 245, 197, 8;
    %ix/load 4, 0, 0;
    %flag_set/imm 4, 0;
    %store/vec4a v0x560cd6f384a0, 4, 0;
    %pushi/vec4 240, 0, 8;
    %ix/load 4, 1, 0;
    %flag_set/imm 4, 0;
    %store/vec4a v0x560cd6f384a0, 4, 0;
    %vpi_call 2 28 "$display", "a = %b, b = %b, c[0] = %b, c[0] = %b", v0x560cd6f382e0_0, v0x560cd6f383c0_0, &A<v0x560cd6f384a0, 0>, &A<v0x560cd6f384a0, 1> {0 0 0};
    %delay 50, 0;
    %load/vec4 v0x560cd6f382e0_0;
    %pad/u 4;
    %store/vec4 v0x560cd6f383c0_0, 0, 4;
    %vpi_call 2 31 "$display", "a = %b, b = %b, c[0] = %b, c[0] = %b", v0x560cd6f382e0_0, v0x560cd6f383c0_0, &A<v0x560cd6f384a0, 0>, &A<v0x560cd6f384a0, 1> {0 0 0};
    %end;
    .thread T_3;
    .scope S_0x560cd6ee3da0;
T_4 ;
    %pushi/vec4 0, 0, 1;
    %store/vec4 v0x560cd6f385e0_0, 0, 1;
    %pushi/vec4 0, 0, 1;
    %store/vec4 v0x560cd6f38540_0, 0, 1;
    %end;
    .thread T_4;
    .scope S_0x560cd6ee3da0;
T_5 ;
    %delay 5, 0;
    %load/vec4 v0x560cd6f38540_0;
    %inv;
    %store/vec4 v0x560cd6f38540_0, 0, 1;
    %jmp T_5;
    .thread T_5;
    .scope S_0x560cd6ee3da0;
T_6 ;
    %delay 500, 0;
    %vpi_call 2 46 "$finish" {0 0 0};
    %end;
    .thread T_6;
# The file index is used to find the file name in the following table.
:file_names 3;
    "N/A";
    "<interactive>";
    "/home/ckirk/repos/verilog-fundamentals/demo4/top.v";
